  Determining projects to restore...
  All projects are up-to-date for restore.
C:\Program Files\dotnet\sdk\10.0.100-rc.2.25502.107\Sdks\Microsoft.NET.Sdk\targets\Microsoft.NET.RuntimeIdentifierInference.targets(351,5): message NETSDK1057: You are using a preview version of .NET. See: https://aka.ms/dotnet-support-policy [C:\Users\DEPUTY DIRECTOR\Downloads\eRecruitment-main\eRecruitment-main\src\ERecruitment.Web\ERecruitment.Web.csproj]
C:\Users\DEPUTY DIRECTOR\Downloads\eRecruitment-main\eRecruitment-main\src\ERecruitment.Web\Views\AdminApplications\Index.cshtml(152,18): error RZ1010: Unexpected "{" after "@" character. Once inside the body of a code block (@if {}, @{}, etc.) you do not need to use "@{" to switch to code. [C:\Users\DEPUTY DIRECTOR\Downloads\eRecruitment-main\eRecruitment-main\src\ERecruitment.Web\ERecruitment.Web.csproj]

Build FAILED.

C:\Users\DEPUTY DIRECTOR\Downloads\eRecruitment-main\eRecruitment-main\src\ERecruitment.Web\Views\AdminApplications\Index.cshtml(152,18): error RZ1010: Unexpected "{" after "@" character. Once inside the body of a code block (@if {}, @{}, etc.) you do not need to use "@{" to switch to code. [C:\Users\DEPUTY DIRECTOR\Downloads\eRecruitment-main\eRecruitment-main\src\ERecruitment.Web\ERecruitment.Web.csproj]
    0 Warning(s)
    1 Error(s)

Time Elapsed 00:00:19.65
